2025-07-23 18:06:03 [background-preinit] INFO  Version:21 - HV000001: Hibernate Validator 8.0.2.Final
2025-07-23 18:06:03 [main] INFO  OrderManagementSystemApplication:53 - Starting OrderManagementSystemApplication using Java 21.0.7 with PID 14246 (/home/saugat/Desktop/JAVA/Order-Management-System/target/classes started by saugat in /home/saugat/Desktop/JAVA/Order-Management-System)
2025-07-23 18:06:03 [main] DEBUG OrderManagementSystemApplication:54 - Running with Spring Boot v3.5.3, Spring v6.2.8
2025-07-23 18:06:03 [main] INFO  OrderManagementSystemApplication:652 - No active profile set, falling back to 1 default profile: "default"
2025-07-23 18:06:06 [main] INFO  RepositoryConfigurationDelegate:145 - Bootstrapping Spring Data JPA repositories in DEFAULT mode.
2025-07-23 18:06:06 [main] INFO  RepositoryConfigurationDelegate:213 - Finished Spring Data repository scanning in 294 ms. Found 14 JPA repository interfaces.
2025-07-23 18:06:08 [main] INFO  TomcatWebServer:111 - Tomcat initialized with port 8080 (http)
2025-07-23 18:06:08 [main] INFO  Http11NioProtocol:168 - Initializing ProtocolHandler ["http-nio-8080"]
2025-07-23 18:06:08 [main] INFO  StandardService:168 - Starting service [Tomcat]
2025-07-23 18:06:08 [main] INFO  StandardEngine:168 - Starting Servlet engine: [Apache Tomcat/10.1.42]
2025-07-23 18:06:08 [main] INFO  [/]:168 - Initializing Spring embedded WebApplicationContext
2025-07-23 18:06:08 [main] INFO  ServletWebServerApplicationContext:301 - Root WebApplicationContext: initialization completed in 4199 ms
2025-07-23 18:06:08 [main] INFO  LogHelper:31 - HHH000204: Processing PersistenceUnitInfo [name: default]
2025-07-23 18:06:08 [main] INFO  Version:44 - HHH000412: Hibernate ORM core version 6.6.18.Final
2025-07-23 18:06:09 [main] INFO  RegionFactoryInitiator:50 - HHH000026: Second-level cache disabled
2025-07-23 18:06:09 [main] INFO  SpringPersistenceUnitInfo:87 - No LoadTimeWeaver setup: ignoring JPA class transformer
2025-07-23 18:06:09 [main] INFO  HikariDataSource:109 - HikariPool-1 - Starting...
2025-07-23 18:06:11 [main] INFO  HikariPool:575 - HikariPool-1 - Added connection com.mysql.cj.jdbc.ConnectionImpl@215a0264
2025-07-23 18:06:11 [main] INFO  HikariDataSource:122 - HikariPool-1 - Start completed.
2025-07-23 18:06:11 [main] INFO  pooling:163 - HHH10001005: Database info:
	Database JDBC URL [Connecting through datasource 'HikariDataSource (HikariPool-1)']
	Database driver: undefined/unknown
	Database version: 8.0.42
	Autocommit mode: undefined/unknown
	Isolation level: undefined/unknown
	Minimum pool size: undefined/unknown
	Maximum pool size: undefined/unknown
2025-07-23 18:06:14 [main] INFO  JtaPlatformInitiator:59 - HHH000489: No JTA platform available (set 'hibernate.transaction.jta.platform' to enable JTA platform integration)
2025-07-23 18:06:15 [main] INFO  LocalContainerEntityManagerFactoryBean:447 - Initialized JPA EntityManagerFactory for persistence unit 'default'
2025-07-23 18:06:16 [main] INFO  QueryEnhancerFactory:49 - Hibernate is in classpath; If applicable, HQL parser will be used.
2025-07-23 18:06:19 [main] WARN  JpaBaseConfiguration$JpaWebConfiguration:258 - spring.jpa.open-in-view is enabled by default. Therefore, database queries may be performed during view rendering. Explicitly configure spring.jpa.open-in-view to disable this warning
2025-07-23 18:06:20 [main] INFO  Http11NioProtocol:168 - Starting ProtocolHandler ["http-nio-8080"]
2025-07-23 18:06:20 [main] INFO  TomcatWebServer:243 - Tomcat started on port 8080 (http) with context path '/'
2025-07-23 18:06:20 [main] INFO  CachingConnectionFactory:676 - Attempting to connect to: [localhost:5672]
2025-07-23 18:06:21 [main] INFO  CachingConnectionFactory:618 - Created new connection: rabbitConnectionFactory#41d6d6c4:0/SimpleConnection@2202eee0 [delegate=amqp://saugat@127.0.0.1:5672/, localPort=37728]
2025-07-23 18:06:21 [main] INFO  OrderManagementSystemApplication:59 - Started OrderManagementSystemApplication in 18.447 seconds (process running for 21.811)
2025-07-23 18:16:26 [http-nio-8080-exec-1] INFO  [/]:168 - Initializing Spring DispatcherServlet 'dispatcherServlet'
2025-07-23 18:16:26 [http-nio-8080-exec-1] INFO  DispatcherServlet:532 - Initializing Servlet 'dispatcherServlet'
2025-07-23 18:16:26 [http-nio-8080-exec-1] INFO  DispatcherServlet:554 - Completed initialization in 5 ms
2025-07-23 18:16:26 [http-nio-8080-exec-1] INFO  AddressService:49 - Address created | ID=6 | timestamp=2025-07-23T18:16:26.994-0500
